[fatal] 2015-08-18 19:59:19 [/favicon.ico] Unknown service file D:/dev/Thinkscape/Services/Favicon.icoService.php
[fatal] 2015-08-18 23:45:16 [/favicon.ico] Unknown service file D:/dev/Thinkscape/Services/Favicon.icoService.php
[fatal] 2015-08-18 23:45:17 [/favicon.ico] Unknown service file D:/dev/Thinkscape/Services/Favicon.icoService.php
[fatal] 2015-08-18 23:45:17 [/favicon.ico] Unknown service file D:/dev/Thinkscape/Services/Favicon.icoService.php
[fatal] 2015-08-18 23:46:59 [/favicon.ico] Unknown service file D:/dev/Thinkscape/Services/Favicon.icoService.php
[fatal] 2015-08-23 15:16:56 [/favicon.ico] Unknown service file D:/dev/Thinkscape/Services/Favicon.icoService.php
[fatal] 2015-08-23 15:16:56 [/favicon.ico] Unknown service file D:/dev/Thinkscape/Services/Favicon.icoService.php
[fatal] 2015-08-24 06:13:41 [/robots.txt] Unknown service file D:/dev/Thinkscape/Services/Robots.txtService.php
[fatal] 2015-08-28 11:04:28 [/favicon.ico] Unknown service file D:/dev/Thinkscape/Services/Favicon.icoService.php
[fatal] 2015-08-30 18:45:49 [/favicon.ico] Unknown service file D:/dev/Thinkscape/Services/Favicon.icoService.php
[fatal] 2015-08-30 18:45:49 [/favicon.ico] Unknown service file D:/dev/Thinkscape/Services/Favicon.icoService.php
[fatal] 2015-09-02 19:23:55 [/favicon.ico] Unknown service file D:/dev/Thinkscape/Services/Favicon.icoService.php
[fatal] 2015-09-02 19:27:21 [/favicon.ico] Unknown service file D:/dev/Thinkscape/Services/Favicon.icoService.php
[fatal] 2015-09-02 19:27:36 [/favicon.ico] Unknown service file D:/dev/Thinkscape/Services/Favicon.icoService.php
[fatal] 2015-09-02 19:28:21 [/favicon.ico] Unknown service file D:/dev/Thinkscape/Services/Favicon.icoService.php
[fatal] 2015-09-02 19:28:21 [/favicon.ico] Unknown service file D:/dev/Thinkscape/Services/Favicon.icoService.php
[fatal] 2015-09-02 19:28:21 [/favicon.ico] Unknown service file D:/dev/Thinkscape/Services/Favicon.icoService.php
[fatal] 2015-09-02 19:30:03 [/favicon.ico] Unknown service file D:/dev/Thinkscape/Services/Favicon.icoService.php
[fatal] 2015-09-02 19:32:13 [/favicon.ico] Unknown service file D:/dev/Thinkscape/Services/Favicon.icoService.php
[fatal] 2015-09-02 19:33:44 [/favicon.ico] Unknown service file D:/dev/Thinkscape/Services/Favicon.icoService.php
[fatal] 2015-09-02 19:37:09 [/favicon.ico] Unknown service file D:/dev/Thinkscape/Services/Favicon.icoService.php
[fatal] 2015-09-02 19:37:09 [/favicon.ico] Unknown service file D:/dev/Thinkscape/Services/Favicon.icoService.php
[fatal] 2015-09-02 19:52:13 [/favicon.ico] Unknown service file D:/dev/Thinkscape/Services/Favicon.icoService.php
[fatal] 2015-09-02 19:53:01 [/favicon.ico] Unknown service file D:/dev/Thinkscape/Services/Favicon.icoService.php
[fatal] 2015-09-02 19:53:06 [/favicon.ico] Unknown service file D:/dev/Thinkscape/Services/Favicon.icoService.php
[fatal] 2015-09-02 19:53:18 [/favicon.ico] Unknown service file D:/dev/Thinkscape/Services/Favicon.icoService.php
[fatal] 2015-09-02 19:53:36 [/favicon.ico] Unknown service file D:/dev/Thinkscape/Services/Favicon.icoService.php
[fatal] 2015-09-02 19:54:20 [/favicon.ico] Unknown service file D:/dev/Thinkscape/Services/Favicon.icoService.php
[fatal] 2015-09-02 19:55:35 [/favicon.ico] Unknown service file D:/dev/Thinkscape/Services/Favicon.icoService.php
[fatal] 2015-09-02 19:56:00 [/favicon.ico] Unknown service file D:/dev/Thinkscape/Services/Favicon.icoService.php
[fatal] 2015-09-02 20:01:23 [/favicon.ico] Unknown service file D:/dev/Thinkscape/Services/Favicon.icoService.php
[fatal] 2015-09-02 20:02:39 [/favicon.ico] Unknown service file D:/dev/Thinkscape/Services/Favicon.icoService.php
[fatal] 2015-09-02 20:03:07 [/favicon.ico] Unknown service file D:/dev/Thinkscape/Services/Favicon.icoService.php
[fatal] 2015-09-02 20:03:43 [/favicon.ico] Unknown service file D:/dev/Thinkscape/Services/Favicon.icoService.php
[fatal] 2015-09-02 20:03:56 [/favicon.ico] Unknown service file D:/dev/Thinkscape/Services/Favicon.icoService.php
[fatal] 2015-09-02 20:07:02 [/favicon.ico] Unknown service file D:/dev/Thinkscape/Services/Favicon.icoService.php
[fatal] 2015-09-02 20:07:03 [/favicon.ico] Unknown service file D:/dev/Thinkscape/Services/Favicon.icoService.php
[fatal] 2015-09-02 20:08:00 [/favicon.ico] Unknown service file D:/dev/Thinkscape/Services/Favicon.icoService.php
[fatal] 2015-09-02 20:10:43 Common exception: Invalid object ID
 at D:\dev\quark\DataProviders\MongoDB.php:288
[fatal] 2015-09-02 20:11:42 [/favicon.ico] Unknown service file D:/dev/Thinkscape/Services/Favicon.icoService.php
[fatal] 2015-09-02 20:12:33 [/favicon.ico] Unknown service file D:/dev/Thinkscape/Services/Favicon.icoService.php
[fatal] 2015-09-02 20:12:56 [/favicon.ico] Unknown service file D:/dev/Thinkscape/Services/Favicon.icoService.php
[fatal] 2015-09-02 20:14:48 [/favicon.ico] Unknown service file D:/dev/Thinkscape/Services/Favicon.icoService.php
[fatal] 2015-09-02 20:15:19 [/favicon.ico] Unknown service file D:/dev/Thinkscape/Services/Favicon.icoService.php
[fatal] 2015-09-02 20:15:58 [/favicon.ico] Unknown service file D:/dev/Thinkscape/Services/Favicon.icoService.php
[fatal] 2015-09-02 20:16:16 [/favicon.ico] Unknown service file D:/dev/Thinkscape/Services/Favicon.icoService.php
[fatal] 2015-09-02 20:20:05 [/favicon.ico] Unknown service file D:/dev/Thinkscape/Services/Favicon.icoService.php
[fatal] 2015-09-02 20:20:50 [/favicon.ico] Unknown service file D:/dev/Thinkscape/Services/Favicon.icoService.php
[fatal] 2015-09-02 20:23:22 [/favicon.ico] Unknown service file D:/dev/Thinkscape/Services/Favicon.icoService.php
[fatal] 2015-09-02 20:28:08 [/favicon.ico] Unknown service file D:/dev/Thinkscape/Services/Favicon.icoService.php
[fatal] 2015-09-02 20:28:24 [/favicon.ico] Unknown service file D:/dev/Thinkscape/Services/Favicon.icoService.php
[fatal] 2015-09-02 20:28:33 [/favicon.ico] Unknown service file D:/dev/Thinkscape/Services/Favicon.icoService.php
[fatal] 2015-09-02 20:28:47 [/favicon.ico] Unknown service file D:/dev/Thinkscape/Services/Favicon.icoService.php
[fatal] 2015-09-02 20:29:01 [/favicon.ico] Unknown service file D:/dev/Thinkscape/Services/Favicon.icoService.php
[fatal] 2015-09-02 20:36:47 [/favicon.ico] Unknown service file D:/dev/Thinkscape/Services/Favicon.icoService.php
[fatal] 2015-09-02 20:36:47 [/favicon.ico] Unknown service file D:/dev/Thinkscape/Services/Favicon.icoService.php
[fatal] 2015-09-02 20:36:47 [/favicon.ico] Unknown service file D:/dev/Thinkscape/Services/Favicon.icoService.php
[fatal] 2015-09-02 20:38:38 [/favicon.ico] Unknown service file D:/dev/Thinkscape/Services/Favicon.icoService.php
[fatal] 2015-09-02 20:38:55 [/favicon.ico] Unknown service file D:/dev/Thinkscape/Services/Favicon.icoService.php
[fatal] 2015-09-04 05:37:15 [/favicon.ico] Unknown service file D:/dev/Thinkscape/Services/Favicon.icoService.php
[fatal] 2015-09-08 08:27:36 [/robots.txt] Unknown service file D:/dev/Thinkscape/Services/Robots.txtService.php
[fatal] 2015-09-09 10:59:56 [/robots.txt] Unknown service file D:/dev/Thinkscape/Services/Robots.txtService.php
[fatal] 2015-09-10 04:59:23 [/robots.txt] Unknown service file D:/dev/Thinkscape/Services/Robots.txtService.php
[fatal] 2015-09-10 05:11:42 [/robots.txt] Unknown service file D:/dev/Thinkscape/Services/Robots.txtService.php
[fatal] 2015-09-11 03:01:34 [/robots.txt] Unknown service file D:/dev/Thinkscape/Services/Robots.txtService.php
[fatal] 2015-09-12 13:23:01 [/favicon.ico] Unknown service file D:/dev/Thinkscape/Services/Favicon.icoService.php
[fatal] 2015-09-13 15:17:43 [/favicon.ico] Unknown service file D:/dev/Thinkscape/Services/Favicon.icoService.php
[fatal] 2015-09-14 12:09:32 [/favicon.ico] Unknown service file D:/dev/Thinkscape/Services/Favicon.icoService.php
[fatal] 2015-09-14 14:02:54 [/favicon.ico] Unknown service file D:/dev/Thinkscape/Services/Favicon.icoService.php
[fatal] 2015-09-15 11:32:09 [/favicon.ico] Unknown service file D:/dev/Thinkscape/Services/Favicon.icoService.php
[fatal] 2015-09-16 00:01:15 [/favicon.ico] Unknown service file D:/dev/Thinkscape/Services/Favicon.icoService.php
[fatal] 2015-09-17 00:27:21 [/favicon.ico] Unknown service file D:/dev/Thinkscape/Services/Favicon.icoService.php
[fatal] 2015-09-17 17:15:10 [/favicon.ico] Unknown service file D:/dev/Thinkscape/Services/Favicon.icoService.php
[fatal] 2015-09-17 19:20:05 [/favicon.ico] Unknown service file D:/dev/Thinkscape/Services/Favicon.icoService.php
[fatal] 2015-09-17 23:57:05 [/favicon.ico] Unknown service file D:/dev/Thinkscape/Services/Favicon.icoService.php
[fatal] 2015-09-18 22:43:44 [/robots.txt] Unknown service file D:/dev/Thinkscape/Services/Robots.txtService.php
[fatal] 2015-09-19 02:05:25 [/robots.txt] Unknown service file D:/dev/Thinkscape/Services/Robots.txtService.php
[fatal] 2015-09-19 12:51:40 [/favicon.ico] Unknown service file D:/dev/Thinkscape/Services/Favicon.icoService.php
[fatal] 2015-09-20 13:48:47 [/favicon.ico] Unknown service file D:/dev/Thinkscape/Services/Favicon.icoService.php
[fatal] 2015-09-22 00:22:06 [/favicon.ico] Unknown service file D:/dev/Thinkscape/Services/Favicon.icoService.php
[fatal] 2015-09-22 22:41:36 [/favicon.ico] Unknown service file D:/dev/Thinkscape/Services/Favicon.icoService.php
[fatal] 2015-09-23 01:43:16 [/favicon.ico] Unknown service file D:/dev/Thinkscape/Services/Favicon.icoService.php
[fatal] 2015-09-23 01:43:43 [/favicon.ico] Unknown service file D:/dev/Thinkscape/Services/Favicon.icoService.php
[fatal] 2015-09-23 01:45:06 [/favicon.ico] Unknown service file D:/dev/Thinkscape/Services/Favicon.icoService.php
[fatal] 2015-09-23 01:45:06 [/favicon.ico] Unknown service file D:/dev/Thinkscape/Services/Favicon.icoService.php
[fatal] 2015-09-23 07:40:54 [/robots.txt] Unknown service file D:/dev/Thinkscape/Services/Robots.txtService.php
[fatal] 2015-09-23 22:51:58 [/post/list/?date=2015-03-27%2001:01:13] Unknown service file D:/dev/Thinkscape/Services/ListService.php
[fatal] 2015-09-23 23:27:50 [/favicon.ico] Unknown service file D:/dev/Thinkscape/Services/Favicon.icoService.php
[fatal] 2015-09-23 23:28:07 [/favicon.ico] Unknown service file D:/dev/Thinkscape/Services/Favicon.icoService.php
[fatal] 2015-09-23 23:28:33 [/favicon.ico] Unknown service file D:/dev/Thinkscape/Services/Favicon.icoService.php
[fatal] 2015-09-23 23:28:39 [/favicon.ico] Unknown service file D:/dev/Thinkscape/Services/Favicon.icoService.php
